<?xml version="1.0" encoding="UTF-8"?>
<!-- Generated by org.testng.reporters.JUnitReportReporter -->
<testsuite hostname="LAPTOP-2VUVNRGK" failures="0" tests="1" name="DemoblezRunner.Demoblez_TestRunner" time="35.087" errors="0" timestamp="2022-10-20T00:56:12 CEST" skipped="0">
  <testcase classname="DemoblezRunner.Demoblez_TestRunner" name="feature" time="35.087"/>
  <system-out/>
</testsuite> <!-- DemoblezRunner.Demoblez_TestRunner -->
